2025-03-11T05:49:01.042+01:00  INFO 3028 --- [uni_library] [main] c.e.u.UniLibraryApplicationTests         : Starting UniLibraryApplicationTests using Java 23.0.2 with PID 3028 (started by Atai in C:\Users\Atai\Downloads\uni_library\uni_library-master\uni_library)
2025-03-11T05:49:01.049+01:00  INFO 3028 --- [uni_library] [main] c.e.u.UniLibraryApplicationTests         : No active profile set, falling back to 1 default profile: "default"
2025-03-11T05:49:02.451+01:00  INFO 3028 --- [uni_library] [main] .s.d.r.c.RepositoryConfigurationDelegate : Bootstrapping Spring Data JPA repositories in DEFAULT mode.
2025-03-11T05:49:02.548+01:00  INFO 3028 --- [uni_library] [main] .s.d.r.c.RepositoryConfigurationDelegate : Finished Spring Data repository scanning in 82 ms. Found 3 JPA repository interfaces.
2025-03-11T05:49:03.690+01:00  INFO 3028 --- [uni_library] [main] com.zaxxer.hikari.HikariDataSource       : HikariPool-1 - Starting...
2025-03-11T05:49:04.230+01:00  INFO 3028 --- [uni_library] [main] com.zaxxer.hikari.pool.HikariPool        : HikariPool-1 - Added connection com.mysql.cj.jdbc.ConnectionImpl@736f8837
2025-03-11T05:49:04.233+01:00  INFO 3028 --- [uni_library] [main] com.zaxxer.hikari.HikariDataSource       : HikariPool-1 - Start completed.
2025-03-11T05:49:04.322+01:00  INFO 3028 --- [uni_library] [main] o.hibernate.jpa.internal.util.LogHelper  : HHH000204: Processing PersistenceUnitInfo [name: default]
2025-03-11T05:49:04.438+01:00  INFO 3028 --- [uni_library] [main] org.hibernate.Version                    : HHH000412: Hibernate ORM core version 6.6.8.Final
2025-03-11T05:49:04.498+01:00  INFO 3028 --- [uni_library] [main] o.h.c.internal.RegionFactoryInitiator    : HHH000026: Second-level cache disabled
2025-03-11T05:49:04.698+01:00  INFO 3028 --- [uni_library] [main] o.s.o.j.p.SpringPersistenceUnitInfo      : No LoadTimeWeaver setup: ignoring JPA class transformer
2025-03-11T05:49:04.845+01:00  INFO 3028 --- [uni_library] [main] org.hibernate.orm.connections.pooling    : HHH10001005: Database info:
	Database JDBC URL [Connecting through datasource 'HikariDataSource (HikariPool-1)']
	Database driver: undefined/unknown
	Database version: 9.2
	Autocommit mode: undefined/unknown
	Isolation level: undefined/unknown
	Minimum pool size: undefined/unknown
	Maximum pool size: undefined/unknown
2025-03-11T05:49:06.091+01:00  INFO 3028 --- [uni_library] [main] o.h.e.t.j.p.i.JtaPlatformInitiator       : HHH000489: No JTA platform available (set 'hibernate.transaction.jta.platform' to enable JTA platform integration)
2025-03-11T05:49:06.095+01:00  INFO 3028 --- [uni_library] [main] j.LocalContainerEntityManagerFactoryBean : Initialized JPA EntityManagerFactory for persistence unit 'default'
2025-03-11T05:49:06.606+01:00  INFO 3028 --- [uni_library] [main] o.s.d.j.r.query.QueryEnhancerFactory     : Hibernate is in classpath; If applicable, HQL parser will be used.
2025-03-11T05:49:07.353+01:00  WARN 3028 --- [uni_library] [main] JpaBaseConfiguration$JpaWebConfiguration : spring.jpa.open-in-view is enabled by default. Therefore, database queries may be performed during view rendering. Explicitly configure spring.jpa.open-in-view to disable this warning
2025-03-11T05:49:07.429+01:00  INFO 3028 --- [uni_library] [main] r$InitializeUserDetailsManagerConfigurer : Global AuthenticationManager configured with UserDetailsService bean with name customUserDetailsService
2025-03-11T05:49:08.312+01:00  INFO 3028 --- [uni_library] [main] o.s.b.a.e.web.EndpointLinksResolver      : Exposing 8 endpoints beneath base path '/actuator'
2025-03-11T05:49:09.215+01:00  INFO 3028 --- [uni_library] [main] c.e.u.UniLibraryApplicationTests         : Started UniLibraryApplicationTests in 8.516 seconds (process running for 11.525)
2025-03-11T05:49:09.418+01:00  INFO 3028 --- [uni_library] [SpringApplicationShutdownHook] j.LocalContainerEntityManagerFactoryBean : Closing JPA EntityManagerFactory for persistence unit 'default'
2025-03-11T05:49:09.420+01:00  INFO 3028 --- [uni_library] [SpringApplicationShutdownHook] com.zaxxer.hikari.HikariDataSource       : HikariPool-1 - Shutdown initiated...
2025-03-11T05:49:09.430+01:00  INFO 3028 --- [uni_library] [SpringApplicationShutdownHook] com.zaxxer.hikari.HikariDataSource       : HikariPool-1 - Shutdown completed.
