2025-03-08T00:22:53.536+01:00  INFO 5156 --- [uni_library] [main] c.e.uni_library.UniLibraryApplication    : Starting UniLibraryApplication using Java 23.0.2 with PID 5156 (C:\Users\Atai\Documents\uni_library\uni_library\target\classes started by Atai in C:\Users\Atai\Documents\uni_library\uni_library)
2025-03-08T00:22:53.539+01:00  INFO 5156 --- [uni_library] [main] c.e.uni_library.UniLibraryApplication    : No active profile set, falling back to 1 default profile: "default"
2025-03-08T00:22:54.352+01:00  INFO 5156 --- [uni_library] [main] .s.d.r.c.RepositoryConfigurationDelegate : Bootstrapping Spring Data JPA repositories in DEFAULT mode.
2025-03-08T00:22:54.418+01:00  INFO 5156 --- [uni_library] [main] .s.d.r.c.RepositoryConfigurationDelegate : Finished Spring Data repository scanning in 53 ms. Found 2 JPA repository interfaces.
2025-03-08T00:22:55.041+01:00  INFO 5156 --- [uni_library] [main] o.s.b.w.embedded.tomcat.TomcatWebServer  : Tomcat initialized with port 8080 (http)
2025-03-08T00:22:55.059+01:00  INFO 5156 --- [uni_library] [main] o.apache.catalina.core.StandardService   : Starting service [Tomcat]
2025-03-08T00:22:55.060+01:00  INFO 5156 --- [uni_library] [main] o.apache.catalina.core.StandardEngine    : Starting Servlet engine: [Apache Tomcat/10.1.36]
2025-03-08T00:22:55.123+01:00  INFO 5156 --- [uni_library] [main] o.a.c.c.C.[Tomcat].[localhost].[/]       : Initializing Spring embedded WebApplicationContext
2025-03-08T00:22:55.123+01:00  INFO 5156 --- [uni_library] [main] w.s.c.ServletWebServerApplicationContext : Root WebApplicationContext: initialization completed in 1513 ms
2025-03-08T00:22:55.278+01:00  INFO 5156 --- [uni_library] [main] com.zaxxer.hikari.HikariDataSource       : HikariPool-1 - Starting...
2025-03-08T00:22:55.654+01:00  INFO 5156 --- [uni_library] [main] com.zaxxer.hikari.pool.HikariPool        : HikariPool-1 - Added connection com.mysql.cj.jdbc.ConnectionImpl@2dff7085
2025-03-08T00:22:55.657+01:00  INFO 5156 --- [uni_library] [main] com.zaxxer.hikari.HikariDataSource       : HikariPool-1 - Start completed.
2025-03-08T00:22:55.744+01:00  INFO 5156 --- [uni_library] [main] o.hibernate.jpa.internal.util.LogHelper  : HHH000204: Processing PersistenceUnitInfo [name: default]
2025-03-08T00:22:55.799+01:00  INFO 5156 --- [uni_library] [main] org.hibernate.Version                    : HHH000412: Hibernate ORM core version 6.6.8.Final
2025-03-08T00:22:55.837+01:00  INFO 5156 --- [uni_library] [main] o.h.c.internal.RegionFactoryInitiator    : HHH000026: Second-level cache disabled
2025-03-08T00:22:56.158+01:00  INFO 5156 --- [uni_library] [main] o.s.o.j.p.SpringPersistenceUnitInfo      : No LoadTimeWeaver setup: ignoring JPA class transformer
2025-03-08T00:22:56.260+01:00  INFO 5156 --- [uni_library] [main] org.hibernate.orm.connections.pooling    : HHH10001005: Database info:
	Database JDBC URL [Connecting through datasource 'HikariDataSource (HikariPool-1)']
	Database driver: undefined/unknown
	Database version: 9.2
	Autocommit mode: undefined/unknown
	Isolation level: undefined/unknown
	Minimum pool size: undefined/unknown
	Maximum pool size: undefined/unknown
2025-03-08T00:22:57.137+01:00  INFO 5156 --- [uni_library] [main] o.h.e.t.j.p.i.JtaPlatformInitiator       : HHH000489: No JTA platform available (set 'hibernate.transaction.jta.platform' to enable JTA platform integration)
2025-03-08T00:22:57.140+01:00  INFO 5156 --- [uni_library] [main] j.LocalContainerEntityManagerFactoryBean : Initialized JPA EntityManagerFactory for persistence unit 'default'
2025-03-08T00:22:57.493+01:00  INFO 5156 --- [uni_library] [main] o.s.d.j.r.query.QueryEnhancerFactory     : Hibernate is in classpath; If applicable, HQL parser will be used.
2025-03-08T00:22:58.065+01:00  WARN 5156 --- [uni_library] [main] JpaBaseConfiguration$JpaWebConfiguration : spring.jpa.open-in-view is enabled by default. Therefore, database queries may be performed during view rendering. Explicitly configure spring.jpa.open-in-view to disable this warning
2025-03-08T00:22:58.449+01:00  INFO 5156 --- [uni_library] [main] o.s.b.w.embedded.tomcat.TomcatWebServer  : Tomcat started on port 8080 (http) with context path '/'
2025-03-08T00:22:58.459+01:00  INFO 5156 --- [uni_library] [main] c.e.uni_library.UniLibraryApplication    : Started UniLibraryApplication in 5.505 seconds (process running for 5.975)
2025-03-08T00:23:08.080+01:00  INFO 5156 --- [uni_library] [http-nio-8080-exec-2] o.a.c.c.C.[Tomcat].[localhost].[/]       : Initializing Spring DispatcherServlet 'dispatcherServlet'
2025-03-08T00:23:08.080+01:00  INFO 5156 --- [uni_library] [http-nio-8080-exec-2] o.s.web.servlet.DispatcherServlet        : Initializing Servlet 'dispatcherServlet'
2025-03-08T00:23:08.082+01:00  INFO 5156 --- [uni_library] [http-nio-8080-exec-2] o.s.web.servlet.DispatcherServlet        : Completed initialization in 1 ms
2025-03-08T00:23:08.133+01:00  INFO 5156 --- [uni_library] [http-nio-8080-exec-2] c.e.u.P.Services.GetProductService       : Executingclass com.example.uni_library.Product.Services.GetProductService input: 3
